<?xml version="1.0" encoding="UTF-8"?>
<!-- Generated by org.testng.reporters.JUnitReportReporter -->
<testsuite hostname="P3ALAP-4JM1NW2" name="testPkg.checkoutFlowcreditCard" tests="1" failures="0" timestamp="19 Jul 2020 11:10:20 GMT" time="25.426" errors="0">
  <testcase name="checkOutSuccess" time="25.426" classname="testPkg.checkoutFlowcreditCard"/>
</testsuite> <!-- testPkg.checkoutFlowcreditCard -->
